This is XeTeX, Version 3.141592653-2.6-0.999995 (TeX Live 2023) (preloaded format=xelatex 2024.2.29)  5 MAR 2024 16:28
entering extended mode
 restricted \write18 enabled.
 %&-line parsing enabled.
**_main.tex
(./_main.tex
LaTeX2e <2023-11-01> patch level 1
L3 programming layer <2024-02-20>
(/Users/aluisacosta/Library/TinyTeX/texmf-dist/tex/latex/base/book.cls
Document Class: book 2023/05/17 v1.4n Standard LaTeX document class
(/Users/aluisacosta/Library/TinyTeX/texmf-dist/tex/latex/base/bk10.clo
File: bk10.clo 2023/05/17 v1.4n Standard LaTeX file (size option)
)
\c@part=\count184
\c@chapter=\count185
\c@section=\count186
\c@subsection=\count187
\c@subsubsection=\count188
\c@paragraph=\count189
\c@subparagraph=\count190
\c@figure=\count191
\c@table=\count192
\abovecaptionskip=\skip48
\belowcaptionskip=\skip49
\bibindent=\dimen140
) (/Users/aluisacosta/Library/TinyTeX/texmf-dist/tex/latex/amsmath/amsmath.sty
Package: amsmath 2023/05/13 v2.17o AMS math features
\@mathmargin=\skip50
For additional information on amsmath, use the `?' option.
(/Users/aluisacosta/Library/TinyTeX/texmf-dist/tex/latex/amsmath/amstext.sty
Package: amstext 2021/08/26 v2.01 AMS text
(/Users/aluisacosta/Library/TinyTeX/texmf-dist/tex/latex/amsmath/amsgen.sty
File: amsgen.sty 1999/11/30 v2.0 generic functions
\@emptytoks=\toks17
\ex@=\dimen141
)) (/Users/aluisacosta/Library/TinyTeX/texmf-dist/tex/latex/amsmath/amsbsy.sty
Package: amsbsy 1999/11/29 v1.2d Bold Symbols
\pmbraise@=\dimen142
) (/Users/aluisacosta/Library/TinyTeX/texmf-dist/tex/latex/amsmath/amsopn.sty
Package: amsopn 2022/04/08 v2.04 operator names
)
\inf@bad=\count193
LaTeX Info: Redefining \frac on input line 234.
\uproot@=\count194
\leftroot@=\count195
LaTeX Info: Redefining \overline on input line 399.
LaTeX Info: Redefining \colon on input line 410.
\classnum@=\count196
\DOTSCASE@=\count197
LaTeX Info: Redefining \ldots on input line 496.
LaTeX Info: Redefining \dots on input line 499.
LaTeX Info: Redefining \cdots on input line 620.
\Mathstrutbox@=\box51
\strutbox@=\box52
LaTeX Info: Redefining \big on input line 722.
LaTeX Info: Redefining \Big on input line 723.
LaTeX Info: Redefining \bigg on input line 724.
LaTeX Info: Redefining \Bigg on input line 725.
\big@size=\dimen143
LaTeX Font Info:    Redeclaring font encoding OML on input line 743.
LaTeX Font Info:    Redeclaring font encoding OMS on input line 744.
\macc@depth=\count198
LaTeX Info: Redefining \bmod on input line 905.
LaTeX Info: Redefining \pmod on input line 910.
LaTeX Info: Redefining \smash on input line 940.
LaTeX Info: Redefining \relbar on input line 970.
LaTeX Info: Redefining \Relbar on input line 971.
\c@MaxMatrixCols=\count199
\dotsspace@=\muskip16
\c@parentequation=\count266
\dspbrk@lvl=\count267
\tag@help=\toks18
\row@=\count268
\column@=\count269
\maxfields@=\count270
\andhelp@=\toks19
\eqnshift@=\dimen144
\alignsep@=\dimen145
\tagshift@=\dimen146
\tagwidth@=\dimen147
\totwidth@=\dimen148
\lineht@=\dimen149
\@envbody=\toks20
\multlinegap=\skip51
\multlinetaggap=\skip52
\mathdisplay@stack=\toks21
LaTeX Info: Redefining \[ on input line 2953.
LaTeX Info: Redefining \] on input line 2954.
) (/Users/aluisacosta/Library/TinyTeX/texmf-dist/tex/latex/amsfonts/amssymb.sty
Package: amssymb 2013/01/14 v3.01 AMS font symbols
(/Users/aluisacosta/Library/TinyTeX/texmf-dist/tex/latex/amsfonts/amsfonts.sty
Package: amsfonts 2013/01/14 v3.01 Basic AMSFonts support
\symAMSa=\mathgroup4
\symAMSb=\mathgroup5
LaTeX Font Info:    Redeclaring math symbol \hbar on input line 98.
LaTeX Font Info:    Overwriting math alphabet `\mathfrak' in version `bold'
(Font)                  U/euf/m/n --> U/euf/b/n on input line 106.
)) (/Users/aluisacosta/Library/TinyTeX/texmf-dist/tex/generic/iftex/iftex.sty
Package: iftex 2022/02/03 v1.0f TeX engine tests
) (/Users/aluisacosta/Library/TinyTeX/texmf-dist/tex/latex/unicode-math/unicode-math.sty (/Users/aluisacosta/Library/TinyTeX/texmf-dist/tex/latex/l3kernel/expl3.sty
Package: expl3 2024-02-20 L3 programming layer (loader) 
(/Users/aluisacosta/Library/TinyTeX/texmf-dist/tex/latex/l3backend/l3backend-xetex.def
File: l3backend-xetex.def 2024-02-20 L3 backend support: XeTeX
\g__graphics_track_int=\count271
\l__pdf_internal_box=\box53
\g__pdf_backend_object_int=\count272
\g__pdf_backend_annotation_int=\count273
\g__pdf_backend_link_int=\count274
))
Package: unicode-math 2023/08/13 v0.8r Unicode maths in XeLaTeX and LuaLaTeX
(/Users/aluisacosta/Library/TinyTeX/texmf-dist/tex/latex/unicode-math/unicode-math-xetex.sty
Package: unicode-math-xetex 2023/08/13 v0.8r Unicode maths in XeLaTeX and LuaLaTeX
(/Users/aluisacosta/Library/TinyTeX/texmf-dist/tex/latex/l3packages/xparse/xparse.sty
Package: xparse 2024-02-18 L3 Experimental document command parser
) (/Users/aluisacosta/Library/TinyTeX/texmf-dist/tex/latex/l3packages/l3keys2e/l3keys2e.sty
Package: l3keys2e 2024-02-18 LaTeX2e option processing using LaTeX3 keys
) (/Users/aluisacosta/Library/TinyTeX/texmf-dist/tex/latex/fontspec/fontspec.sty
Package: fontspec 2024/02/13 v2.9a Font selection for XeLaTeX and LuaLaTeX
(/Users/aluisacosta/Library/TinyTeX/texmf-dist/tex/latex/fontspec/fontspec-xetex.sty
Package: fontspec-xetex 2024/02/13 v2.9a Font selection for XeLaTeX and LuaLaTeX
\l__fontspec_script_int=\count275
\l__fontspec_language_int=\count276
\l__fontspec_strnum_int=\count277
\l__fontspec_tmp_int=\count278
\l__fontspec_tmpa_int=\count279
\l__fontspec_tmpb_int=\count280
\l__fontspec_tmpc_int=\count281
\l__fontspec_em_int=\count282
\l__fontspec_emdef_int=\count283
\l__fontspec_strong_int=\count284
\l__fontspec_strongdef_int=\count285
\l__fontspec_tmpa_dim=\dimen150
\l__fontspec_tmpb_dim=\dimen151
\l__fontspec_tmpc_dim=\dimen152
(/Users/aluisacosta/Library/TinyTeX/texmf-dist/tex/latex/base/fontenc.sty
Package: fontenc 2021/04/29 v2.0v Standard LaTeX package
) (/Users/aluisacosta/Library/TinyTeX/texmf-dist/tex/latex/fontspec/fontspec.cfg))) (/Users/aluisacosta/Library/TinyTeX/texmf-dist/tex/latex/base/fix-cm.sty
Package: fix-cm 2020/11/24 v1.1t fixes to LaTeX
(/Users/aluisacosta/Library/TinyTeX/texmf-dist/tex/latex/base/ts1enc.def
File: ts1enc.def 2001/06/05 v3.0e (jk/car/fm) Standard LaTeX file
LaTeX Font Info:    Redeclaring font encoding TS1 on input line 47.
))
\g__um_fam_int=\count286
\g__um_fonts_used_int=\count287
\l__um_primecount_int=\count288
\g__um_primekern_muskip=\muskip17
(/Users/aluisacosta/Library/TinyTeX/texmf-dist/tex/latex/unicode-math/unicode-math-table.tex))) (/Users/aluisacosta/Library/TinyTeX/texmf-dist/tex/latex/lm/lmodern.sty
Package: lmodern 2015/05/01 v1.6.1 Latin Modern Fonts
LaTeX Font Info:    Overwriting symbol font `operators' in version `normal'
(Font)                  OT1/cmr/m/n --> OT1/lmr/m/n on input line 22.
LaTeX Font Info:    Overwriting symbol font `letters' in version `normal'
(Font)                  OML/cmm/m/it --> OML/lmm/m/it on input line 23.
LaTeX Font Info:    Overwriting symbol font `symbols' in version `normal'
(Font)                  OMS/cmsy/m/n --> OMS/lmsy/m/n on input line 24.
LaTeX Font Info:    Overwriting symbol font `largesymbols' in version `normal'
(Font)                  OMX/cmex/m/n --> OMX/lmex/m/n on input line 25.
LaTeX Font Info:    Overwriting symbol font `operators' in version `bold'
(Font)                  OT1/cmr/bx/n --> OT1/lmr/bx/n on input line 26.
LaTeX Font Info:    Overwriting symbol font `letters' in version `bold'
(Font)                  OML/cmm/b/it --> OML/lmm/b/it on input line 27.
LaTeX Font Info:    Overwriting symbol font `symbols' in version `bold'
(Font)                  OMS/cmsy/b/n --> OMS/lmsy/b/n on input line 28.
LaTeX Font Info:    Overwriting symbol font `largesymbols' in version `bold'
(Font)                  OMX/cmex/m/n --> OMX/lmex/m/n on input line 29.
LaTeX Font Info:    Overwriting math alphabet `\mathbf' in version `normal'
(Font)                  OT1/cmr/bx/n --> OT1/lmr/bx/n on input line 31.
LaTeX Font Info:    Overwriting math alphabet `\mathsf' in version `normal'
(Font)                  OT1/cmss/m/n --> OT1/lmss/m/n on input line 32.
LaTeX Font Info:    Overwriting math alphabet `\mathit' in version `normal'
(Font)                  OT1/cmr/m/it --> OT1/lmr/m/it on input line 33.
LaTeX Font Info:    Overwriting math alphabet `\mathtt' in version `normal'
(Font)                  OT1/cmtt/m/n --> OT1/lmtt/m/n on input line 34.
LaTeX Font Info:    Overwriting math alphabet `\mathbf' in version `bold'
(Font)                  OT1/cmr/bx/n --> OT1/lmr/bx/n on input line 35.
LaTeX Font Info:    Overwriting math alphabet `\mathsf' in version `bold'
(Font)                  OT1/cmss/bx/n --> OT1/lmss/bx/n on input line 36.
LaTeX Font Info:    Overwriting math alphabet `\mathit' in version `bold'
(Font)                  OT1/cmr/bx/it --> OT1/lmr/bx/it on input line 37.
LaTeX Font Info:    Overwriting math alphabet `\mathtt' in version `bold'
(Font)                  OT1/cmtt/m/n --> OT1/lmtt/m/n on input line 38.
) (/Users/aluisacosta/Library/TinyTeX/texmf-dist/tex/latex/xcolor/xcolor.sty
Package: xcolor 2023/11/15 v3.01 LaTeX color extensions (UK)
(/Users/aluisacosta/Library/TinyTeX/texmf-dist/tex/latex/graphics-cfg/color.cfg
File: color.cfg 2016/01/02 v1.6 sample color configuration
)
Package xcolor Info: Driver file: xetex.def on input line 274.
(/Users/aluisacosta/Library/TinyTeX/texmf-dist/tex/latex/graphics-def/xetex.def
File: xetex.def 2022/09/22 v5.0n Graphics/color driver for xetex
) (/Users/aluisacosta/Library/TinyTeX/texmf-dist/tex/latex/graphics/mathcolor.ltx)
Package xcolor Info: Model `cmy' substituted by `cmy0' on input line 1350.
Package xcolor Info: Model `RGB' extended on input line 1366.
Package xcolor Info: Model `HTML' substituted by `rgb' on input line 1368.
Package xcolor Info: Model `Hsb' substituted by `hsb' on input line 1369.
Package xcolor Info: Model `tHsb' substituted by `hsb' on input line 1370.
Package xcolor Info: Model `HSB' substituted by `hsb' on input line 1371.
Package xcolor Info: Model `Gray' substituted by `gray' on input line 1372.
Package xcolor Info: Model `wave' substituted by `hsb' on input line 1373.
) (/Users/aluisacosta/Library/TinyTeX/texmf-dist/tex/latex/fancyvrb/fancyvrb.sty
Package: fancyvrb 2024/01/20 4.5c verbatim text (tvz,hv)
(/Users/aluisacosta/Library/TinyTeX/texmf-dist/tex/latex/graphics/keyval.sty
Package: keyval 2022/05/29 v1.15 key=value parser (DPC)
\KV@toks@=\toks22
)
\FV@CodeLineNo=\count289
\FV@InFile=\read2
\FV@TabBox=\box54
\c@FancyVerbLine=\count290
\FV@StepNumber=\count291
\FV@OutFile=\write3
) (/Users/aluisacosta/Library/TinyTeX/texmf-dist/tex/latex/framed/framed.sty
Package: framed 2011/10/22 v 0.96: framed or shaded text with page breaks
\OuterFrameSep=\skip53
\fb@frw=\dimen153
\fb@frh=\dimen154
\FrameRule=\dimen155
\FrameSep=\dimen156
) (/Users/aluisacosta/Library/TinyTeX/texmf-dist/tex/latex/tools/longtable.sty
Package: longtable 2023-11-01 v4.19 Multi-page Table package (DPC)
\LTleft=\skip54
\LTright=\skip55
\LTpre=\skip56
\LTpost=\skip57
\LTchunksize=\count292
\LTcapwidth=\dimen157
\LT@head=\box55
\LT@firsthead=\box56
\LT@foot=\box57
\LT@lastfoot=\box58
\LT@gbox=\box59
\LT@cols=\count293
\LT@rows=\count294
\c@LT@tables=\count295
\c@LT@chunks=\count296
\LT@p@ftn=\toks23
) (/Users/aluisacosta/Library/TinyTeX/texmf-dist/tex/latex/booktabs/booktabs.sty
Package: booktabs 2020/01/12 v1.61803398 Publication quality tables
\heavyrulewidth=\dimen158
\lightrulewidth=\dimen159
\cmidrulewidth=\dimen160
\belowrulesep=\dimen161
\belowbottomsep=\dimen162
\aboverulesep=\dimen163
\abovetopsep=\dimen164
\cmidrulesep=\dimen165
\cmidrulekern=\dimen166
\defaultaddspace=\dimen167
\@cmidla=\count297
\@cmidlb=\count298
\@aboverulesep=\dimen168
\@belowrulesep=\dimen169
\@thisruleclass=\count299
\@lastruleclass=\count300
\@thisrulewidth=\dimen170
) (/Users/aluisacosta/Library/TinyTeX/texmf-dist/tex/latex/tools/array.sty
Package: array 2023/10/16 v2.5g Tabular extension package (FMi)
\col@sep=\dimen171
\ar@mcellbox=\box60
\extrarowheight=\dimen172
\NC@list=\toks24
\extratabsurround=\skip58
\backup@length=\skip59
\ar@cellbox=\box61
) (/Users/aluisacosta/Library/TinyTeX/texmf-dist/tex/latex/tools/calc.sty
Package: calc 2023/07/08 v4.3 Infix arithmetic (KKT,FJ)
\calc@Acount=\count301
\calc@Bcount=\count302
\calc@Adimen=\dimen173
\calc@Bdimen=\dimen174
\calc@Askip=\skip60
\calc@Bskip=\skip61
LaTeX Info: Redefining \setlength on input line 80.
LaTeX Info: Redefining \addtolength on input line 81.
\calc@Ccount=\count303
\calc@Cskip=\skip62
) (/Users/aluisacosta/Library/TinyTeX/texmf-dist/tex/latex/etoolbox/etoolbox.sty
Package: etoolbox 2020/10/05 v2.5k e-TeX tools for LaTeX (JAW)
\etb@tempcnta=\count304
) (/Users/aluisacosta/Library/TinyTeX/texmf-dist/tex/latex/mdwtools/footnote.sty
Package: footnote 1997/01/28 1.13 Save footnotes around boxes
\fn@notes=\box62
\fn@width=\dimen175
) (/Users/aluisacosta/Library/TinyTeX/texmf-dist/tex/latex/graphics/graphicx.sty
Package: graphicx 2021/09/16 v1.2d Enhanced LaTeX Graphics (DPC,SPQR)
(/Users/aluisacosta/Library/TinyTeX/texmf-dist/tex/latex/graphics/graphics.sty
Package: graphics 2022/03/10 v1.4e Standard LaTeX Graphics (DPC,SPQR)
(/Users/aluisacosta/Library/TinyTeX/texmf-dist/tex/latex/graphics/trig.sty
Package: trig 2021/08/11 v1.11 sin cos tan (DPC)
) (/Users/aluisacosta/Library/TinyTeX/texmf-dist/tex/latex/graphics-cfg/graphics.cfg
File: graphics.cfg 2016/06/04 v1.11 sample graphics configuration
)
Package graphics Info: Driver file: xetex.def on input line 107.
)
\Gin@req@height=\dimen176
\Gin@req@width=\dimen177
) (/Users/aluisacosta/Library/TinyTeX/texmf-dist/tex/latex/natbib/natbib.sty
Package: natbib 2010/09/13 8.31b (PWD, AO)
\bibhang=\skip63
\bibsep=\skip64
LaTeX Info: Redefining \cite on input line 694.
\c@NAT@ctr=\count305
) (/Users/aluisacosta/Library/TinyTeX/texmf-dist/tex/latex/hyperref/hyperref.sty
Package: hyperref 2024-01-20 v7.01h Hypertext links for LaTeX
(/Users/aluisacosta/Library/TinyTeX/texmf-dist/tex/latex/kvsetkeys/kvsetkeys.sty
Package: kvsetkeys 2022-10-05 v1.19 Key value parser (HO)
) (/Users/aluisacosta/Library/TinyTeX/texmf-dist/tex/generic/kvdefinekeys/kvdefinekeys.sty
Package: kvdefinekeys 2019-12-19 v1.6 Define keys (HO)
) (/Users/aluisacosta/Library/TinyTeX/texmf-dist/tex/generic/pdfescape/pdfescape.sty
Package: pdfescape 2019/12/09 v1.15 Implements pdfTeX's escape features (HO)
(/Users/aluisacosta/Library/TinyTeX/texmf-dist/tex/generic/ltxcmds/ltxcmds.sty
Package: ltxcmds 2023-12-04 v1.26 LaTeX kernel commands for general use (HO)
) (/Users/aluisacosta/Library/TinyTeX/texmf-dist/tex/generic/pdftexcmds/pdftexcmds.sty
Package: pdftexcmds 2020-06-27 v0.33 Utility functions of pdfTeX for LuaTeX (HO)
(/Users/aluisacosta/Library/TinyTeX/texmf-dist/tex/generic/infwarerr/infwarerr.sty
Package: infwarerr 2019/12/03 v1.5 Providing info/warning/error messages (HO)
)
Package pdftexcmds Info: \pdf@primitive is available.
Package pdftexcmds Info: \pdf@ifprimitive is available.
Package pdftexcmds Info: \pdfdraftmode not found.
)) (/Users/aluisacosta/Library/TinyTeX/texmf-dist/tex/latex/hycolor/hycolor.sty
Package: hycolor 2020-01-27 v1.10 Color options for hyperref/bookmark (HO)
) (/Users/aluisacosta/Library/TinyTeX/texmf-dist/tex/latex/auxhook/auxhook.sty
Package: auxhook 2019-12-17 v1.6 Hooks for auxiliary files (HO)
) (/Users/aluisacosta/Library/TinyTeX/texmf-dist/tex/latex/hyperref/nameref.sty
Package: nameref 2023-11-26 v2.56 Cross-referencing by name of section
(/Users/aluisacosta/Library/TinyTeX/texmf-dist/tex/latex/refcount/refcount.sty
Package: refcount 2019/12/15 v3.6 Data extraction from label references (HO)
) (/Users/aluisacosta/Library/TinyTeX/texmf-dist/tex/generic/gettitlestring/gettitlestring.sty
Package: gettitlestring 2019/12/15 v1.6 Cleanup title references (HO)
(/Users/aluisacosta/Library/TinyTeX/texmf-dist/tex/latex/kvoptions/kvoptions.sty
Package: kvoptions 2022-06-15 v3.15 Key value format for package options (HO)
))
\c@section@level=\count306
)
\@linkdim=\dimen178
\Hy@linkcounter=\count307
\Hy@pagecounter=\count308
(/Users/aluisacosta/Library/TinyTeX/texmf-dist/tex/latex/hyperref/pd1enc.def
File: pd1enc.def 2024-01-20 v7.01h Hyperref: PDFDocEncoding definition (HO)
) (/Users/aluisacosta/Library/TinyTeX/texmf-dist/tex/generic/intcalc/intcalc.sty
Package: intcalc 2019/12/15 v1.3 Expandable calculations with integers (HO)
)
\Hy@SavedSpaceFactor=\count309
(/Users/aluisacosta/Library/TinyTeX/texmf-dist/tex/latex/hyperref/puenc.def
File: puenc.def 2024-01-20 v7.01h Hyperref: PDF Unicode definition (HO)
)
Package hyperref Info: Option `unicode' set `true' on input line 4062.
Package hyperref Info: Hyper figures OFF on input line 4179.
Package hyperref Info: Link nesting OFF on input line 4184.
Package hyperref Info: Hyper index ON on input line 4187.
Package hyperref Info: Plain pages OFF on input line 4194.
Package hyperref Info: Backreferencing OFF on input line 4199.
Package hyperref Info: Implicit mode ON; LaTeX internals redefined.
Package hyperref Info: Bookmarks ON on input line 4446.
\c@Hy@tempcnt=\count310
(/Users/aluisacosta/Library/TinyTeX/texmf-dist/tex/latex/url/url.sty
\Urlmuskip=\muskip18
Package: url 2013/09/16  ver 3.4  Verb mode for urls, etc.
)
LaTeX Info: Redefining \url on input line 4784.
\XeTeXLinkMargin=\dimen179
(/Users/aluisacosta/Library/TinyTeX/texmf-dist/tex/generic/bitset/bitset.sty
Package: bitset 2019/12/09 v1.3 Handle bit-vector datatype (HO)
(/Users/aluisacosta/Library/TinyTeX/texmf-dist/tex/generic/bigintcalc/bigintcalc.sty
Package: bigintcalc 2019/12/15 v1.5 Expandable calculations on big integers (HO)
))
\Fld@menulength=\count311
\Field@Width=\dimen180
\Fld@charsize=\dimen181
Package hyperref Info: Hyper figures OFF on input line 6063.
Package hyperref Info: Link nesting OFF on input line 6068.
Package hyperref Info: Hyper index ON on input line 6071.
Package hyperref Info: backreferencing OFF on input line 6078.
Package hyperref Info: Link coloring OFF on input line 6083.
Package hyperref Info: Link coloring with OCG OFF on input line 6088.
Package hyperref Info: PDF/A mode OFF on input line 6093.
(/Users/aluisacosta/Library/TinyTeX/texmf-dist/tex/latex/base/atbegshi-ltx.sty
Package: atbegshi-ltx 2021/01/10 v1.0c Emulation of the original atbegshi
package with kernel methods
)
\Hy@abspage=\count312
\c@Item=\count313
\c@Hfootnote=\count314
)
Package hyperref Info: Driver (autodetected): hxetex.
(/Users/aluisacosta/Library/TinyTeX/texmf-dist/tex/latex/hyperref/hxetex.def
File: hxetex.def 2024-01-20 v7.01h Hyperref driver for XeTeX
(/Users/aluisacosta/Library/TinyTeX/texmf-dist/tex/generic/stringenc/stringenc.sty
Package: stringenc 2019/11/29 v1.12 Convert strings between diff. encodings (HO)
)
\pdfm@box=\box63
\c@Hy@AnnotLevel=\count315
\HyField@AnnotCount=\count316
\Fld@listcount=\count317
\c@bookmark@seq@number=\count318
(/Users/aluisacosta/Library/TinyTeX/texmf-dist/tex/latex/rerunfilecheck/rerunfilecheck.sty
Package: rerunfilecheck 2022-07-10 v1.10 Rerun checks for auxiliary files (HO)
(/Users/aluisacosta/Library/TinyTeX/texmf-dist/tex/latex/base/atveryend-ltx.sty
Package: atveryend-ltx 2020/08/19 v1.0a Emulation of the original atveryend package
with kernel methods
) (/Users/aluisacosta/Library/TinyTeX/texmf-dist/tex/generic/uniquecounter/uniquecounter.sty
Package: uniquecounter 2019/12/15 v1.4 Provide unlimited unique counter (HO)
)
Package uniquecounter Info: New unique counter `rerunfilecheck' on input line 285.
)
\Hy@SectionHShift=\skip65
) (/Users/aluisacosta/Library/TinyTeX/texmf-dist/tex/latex/amscls/amsthm.sty
Package: amsthm 2020/05/29 v2.20.6
\thm@style=\toks25
\thm@bodyfont=\toks26
\thm@headfont=\toks27
\thm@notefont=\toks28
\thm@headpunct=\toks29
\thm@preskip=\skip66
\thm@postskip=\skip67
\thm@headsep=\skip68
\dth@everypar=\toks30
)
\c@theorem=\count319
\c@lemma=\count320
\c@corollary=\count321
\c@proposition=\count322
\c@conjecture=\count323
\c@definition=\count324
\c@example=\count325
\c@exercise=\count326
\c@hypothesis=\count327
(./_main.aux)
\openout1 = `_main.aux'.

LaTeX Font Info:    Checking defaults for OML/cmm/m/it on input line 142.
LaTeX Font Info:    ... okay on input line 142.
LaTeX Font Info:    Checking defaults for OMS/cmsy/m/n on input line 142.
LaTeX Font Info:    ... okay on input line 142.
LaTeX Font Info:    Checking defaults for OT1/cmr/m/n on input line 142.
LaTeX Font Info:    ... okay on input line 142.
LaTeX Font Info:    Checking defaults for T1/cmr/m/n on input line 142.
LaTeX Font Info:    ... okay on input line 142.
LaTeX Font Info:    Checking defaults for TS1/cmr/m/n on input line 142.
LaTeX Font Info:    ... okay on input line 142.
LaTeX Font Info:    Checking defaults for TU/lmr/m/n on input line 142.
LaTeX Font Info:    ... okay on input line 142.
LaTeX Font Info:    Checking defaults for OMX/cmex/m/n on input line 142.
LaTeX Font Info:    ... okay on input line 142.
LaTeX Font Info:    Checking defaults for U/cmr/m/n on input line 142.
LaTeX Font Info:    ... okay on input line 142.
LaTeX Font Info:    Checking defaults for PD1/pdf/m/n on input line 142.
LaTeX Font Info:    ... okay on input line 142.
LaTeX Font Info:    Checking defaults for PU/pdf/m/n on input line 142.
LaTeX Font Info:    ... okay on input line 142.
LaTeX Font Info:    Overwriting math alphabet `\mathrm' in version `normal'
(Font)                  OT1/lmr/m/n --> TU/lmr/m/n on input line 142.
LaTeX Font Info:    Overwriting math alphabet `\mathit' in version `normal'
(Font)                  OT1/lmr/m/it --> TU/lmr/m/it on input line 142.
LaTeX Font Info:    Overwriting math alphabet `\mathbf' in version `normal'
(Font)                  OT1/lmr/bx/n --> TU/lmr/bx/n on input line 142.
LaTeX Font Info:    Overwriting math alphabet `\mathsf' in version `normal'
(Font)                  OT1/lmss/m/n --> TU/lmss/m/n on input line 142.
LaTeX Font Info:    Overwriting math alphabet `\mathsf' in version `bold'
(Font)                  OT1/lmss/bx/n --> TU/lmss/bx/n on input line 142.
LaTeX Font Info:    Overwriting math alphabet `\mathtt' in version `normal'
(Font)                  OT1/lmtt/m/n --> TU/lmtt/m/n on input line 142.
LaTeX Font Info:    Overwriting math alphabet `\mathtt' in version `bold'
(Font)                  OT1/lmtt/m/n --> TU/lmtt/bx/n on input line 142.

Package fontspec Info: latinmodern-math scale = 0.9999964596882403.


Package fontspec Info: latinmodern-math scale = 0.9999964596882403.


Package fontspec Info: latinmodern-math scale = 0.9999964596882403.


Package fontspec Info: Font family 'latinmodern-math.otf(0)' created for font
(fontspec)             'latinmodern-math.otf' with options
(fontspec)             [Scale=MatchLowercase,BoldItalicFont={},ItalicFont={},SmallCapsFont={},Script=Math,BoldFont={latinmodern-math.otf}].
(fontspec)              
(fontspec)              This font family consists of the following NFSS
(fontspec)             series/shapes:
(fontspec)              
(fontspec)             - 'normal' (m/n) with NFSS spec.:
(fontspec)             <->s*[0.9999964596882403]"[latinmodern-math.otf]/OT:script=math;language=dflt;"
(fontspec)             - 'small caps'  (m/sc) with NFSS spec.: 
(fontspec)             - 'bold' (b/n) with NFSS spec.:
(fontspec)             <->s*[0.9999964596882403]"[latinmodern-math.otf]/OT:script=math;language=dflt;"
(fontspec)             - 'bold small caps'  (b/sc) with NFSS spec.: 

LaTeX Font Info:    Font shape `TU/latinmodern-math.otf(0)/m/n' will be
(Font)              scaled to size 10.0pt on input line 142.

Package fontspec Info: latinmodern-math scale = 0.9999964596882403.


Package fontspec Info: latinmodern-math scale = 0.9999964596882403.


Package fontspec Info: latinmodern-math scale = 0.9999964596882403.


Package fontspec Info: latinmodern-math scale = 0.9999964596882403.


Package fontspec Info: latinmodern-math scale = 0.9999964596882403.


Package fontspec Info: Font family 'latinmodern-math.otf(1)' created for font
(fontspec)             'latinmodern-math.otf' with options
(fontspec)             [Scale=MatchLowercase,BoldItalicFont={},ItalicFont={},SmallCapsFont={},Script=Math,SizeFeatures={{Size=8.5-},{Size=6-8.5,Font=latinmodern-math.otf,Style=MathScript},{Size=-6,Font=latinmodern-math.otf,Style=MathScriptScript}},BoldFont={latinmodern-math.otf}].
(fontspec)              
(fontspec)              This font family consists of the following NFSS
(fontspec)             series/shapes:
(fontspec)              
(fontspec)             - 'normal' (m/n) with NFSS spec.:
(fontspec)             <8.5->s*[0.9999964596882403]"[latinmodern-math.otf]/OT:script=math;language=dflt;"<6-8.5>s*[0.9999964596882403]"[latinmodern-math.otf]/OT:script=math;language=dflt;+ssty=0;"<-6>s*[0.9999964596882403]"[latinmodern-math.otf]/OT:script=math;language=dflt;+ssty=1;"
(fontspec)             - 'small caps'  (m/sc) with NFSS spec.: 
(fontspec)             - 'bold' (b/n) with NFSS spec.:
(fontspec)             <->s*[0.9999964596882403]"[latinmodern-math.otf]/OT:script=math;language=dflt;"
(fontspec)             - 'bold small caps'  (b/sc) with NFSS spec.: 

LaTeX Font Info:    Font shape `TU/latinmodern-math.otf(1)/m/n' will be
(Font)              scaled to size 10.0pt on input line 142.
LaTeX Font Info:    Encoding `OT1' has changed to `TU' for symbol font
(Font)              `operators' in the math version `normal' on input line 142.
LaTeX Font Info:    Overwriting symbol font `operators' in version `normal'
(Font)                  OT1/lmr/m/n --> TU/latinmodern-math.otf(1)/m/n on input line 142.
LaTeX Font Info:    Encoding `OT1' has changed to `TU' for symbol font
(Font)              `operators' in the math version `bold' on input line 142.
LaTeX Font Info:    Overwriting symbol font `operators' in version `bold'
(Font)                  OT1/lmr/bx/n --> TU/latinmodern-math.otf(1)/b/n on input line 142.

Package fontspec Info: latinmodern-math scale = 0.9999964596882403.


Package fontspec Info: latinmodern-math scale = 1.000096459334209.


Package fontspec Info: latinmodern-math scale = 0.9999964596882403.


Package fontspec Info: latinmodern-math scale = 1.000096459334209.


Package fontspec Info: latinmodern-math scale = 0.9999964596882403.


Package fontspec Info: latinmodern-math scale = 1.000096459334209.


Package fontspec Info: latinmodern-math scale = 0.9999964596882403.


Package fontspec Info: latinmodern-math scale = 1.000096459334209.


Package fontspec Info: latinmodern-math scale = 0.9999964596882403.


Package fontspec Info: latinmodern-math scale = 1.000096459334209.


Package fontspec Info: Font family 'latinmodern-math.otf(2)' created for font
(fontspec)             'latinmodern-math.otf' with options
(fontspec)             [Scale=MatchLowercase,BoldItalicFont={},ItalicFont={},SmallCapsFont={},Script=Math,SizeFeatures={{Size=8.5-},{Size=6-8.5,Font=latinmodern-math.otf,Style=MathScript},{Size=-6,Font=latinmodern-math.otf,Style=MathScriptScript}},BoldFont={latinmodern-math.otf},ScaleAgain=1.0001,FontAdjustment={\fontdimen
(fontspec)             8\font =6.77pt\relax \fontdimen 9\font =3.94pt\relax
(fontspec)             \fontdimen 10\font =4.44pt\relax \fontdimen 11\font
(fontspec)             =6.86pt\relax \fontdimen 12\font =3.45pt\relax
(fontspec)             \fontdimen 13\font =3.63pt\relax \fontdimen 14\font
(fontspec)             =3.63pt\relax \fontdimen 15\font =2.89pt\relax
(fontspec)             \fontdimen 16\font =2.47pt\relax \fontdimen 17\font
(fontspec)             =2.47pt\relax \fontdimen 18\font =2.5pt\relax
(fontspec)             \fontdimen 19\font =2.0pt\relax \fontdimen 22\font
(fontspec)             =2.5pt\relax \fontdimen 20\font =0pt\relax \fontdimen
(fontspec)             21\font =0pt\relax }].
(fontspec)              
(fontspec)              This font family consists of the following NFSS
(fontspec)             series/shapes:
(fontspec)              
(fontspec)             - 'normal' (m/n) with NFSS spec.:
(fontspec)             <8.5->s*[1.000096459334209]"[latinmodern-math.otf]/OT:script=math;language=dflt;"<6-8.5>s*[1.000096459334209]"[latinmodern-math.otf]/OT:script=math;language=dflt;+ssty=0;"<-6>s*[1.000096459334209]"[latinmodern-math.otf]/OT:script=math;language=dflt;+ssty=1;"
(fontspec)             - 'small caps'  (m/sc) with NFSS spec.: 
(fontspec)             and font adjustment code:
(fontspec)             \fontdimen 8\font =6.77pt\relax \fontdimen 9\font
(fontspec)             =3.94pt\relax \fontdimen 10\font =4.44pt\relax
(fontspec)             \fontdimen 11\font =6.86pt\relax \fontdimen 12\font
(fontspec)             =3.45pt\relax \fontdimen 13\font =3.63pt\relax
(fontspec)             \fontdimen 14\font =3.63pt\relax \fontdimen 15\font
(fontspec)             =2.89pt\relax \fontdimen 16\font =2.47pt\relax
(fontspec)             \fontdimen 17\font =2.47pt\relax \fontdimen 18\font
(fontspec)             =2.5pt\relax \fontdimen 19\font =2.0pt\relax \fontdimen
(fontspec)             22\font =2.5pt\relax \fontdimen 20\font =0pt\relax
(fontspec)             \fontdimen 21\font =0pt\relax 
(fontspec)             - 'bold' (b/n) with NFSS spec.:
(fontspec)             <->s*[1.000096459334209]"[latinmodern-math.otf]/OT:script=math;language=dflt;"
(fontspec)             - 'bold small caps'  (b/sc) with NFSS spec.: 
(fontspec)             and font adjustment code:
(fontspec)             \fontdimen 8\font =6.77pt\relax \fontdimen 9\font
(fontspec)             =3.94pt\relax \fontdimen 10\font =4.44pt\relax
(fontspec)             \fontdimen 11\font =6.86pt\relax \fontdimen 12\font
(fontspec)             =3.45pt\relax \fontdimen 13\font =3.63pt\relax
(fontspec)             \fontdimen 14\font =3.63pt\relax \fontdimen 15\font
(fontspec)             =2.89pt\relax \fontdimen 16\font =2.47pt\relax
(fontspec)             \fontdimen 17\font =2.47pt\relax \fontdimen 18\font
(fontspec)             =2.5pt\relax \fontdimen 19\font =2.0pt\relax \fontdimen
(fontspec)             22\font =2.5pt\relax \fontdimen 20\font =0pt\relax
(fontspec)             \fontdimen 21\font =0pt\relax 

LaTeX Font Info:    Encoding `OMS' has changed to `TU' for symbol font
(Font)              `symbols' in the math version `normal' on input line 142.
LaTeX Font Info:    Overwriting symbol font `symbols' in version `normal'
(Font)                  OMS/lmsy/m/n --> TU/latinmodern-math.otf(2)/m/n on input line 142.
LaTeX Font Info:    Encoding `OMS' has changed to `TU' for symbol font
(Font)              `symbols' in the math version `bold' on input line 142.
LaTeX Font Info:    Overwriting symbol font `symbols' in version `bold'
(Font)                  OMS/lmsy/b/n --> TU/latinmodern-math.otf(2)/b/n on input line 142.

Package fontspec Info: latinmodern-math scale = 0.9999964596882403.


Package fontspec Info: latinmodern-math scale = 0.9998964600422715.


Package fontspec Info: latinmodern-math scale = 0.9999964596882403.


Package fontspec Info: latinmodern-math scale = 0.9998964600422715.


Package fontspec Info: latinmodern-math scale = 0.9999964596882403.


Package fontspec Info: latinmodern-math scale = 0.9998964600422715.


Package fontspec Info: latinmodern-math scale = 0.9999964596882403.


Package fontspec Info: latinmodern-math scale = 0.9998964600422715.


Package fontspec Info: latinmodern-math scale = 0.9999964596882403.


Package fontspec Info: latinmodern-math scale = 0.9998964600422715.


Package fontspec Info: Font family 'latinmodern-math.otf(3)' created for font
(fontspec)             'latinmodern-math.otf' with options
(fontspec)             [Scale=MatchLowercase,BoldItalicFont={},ItalicFont={},SmallCapsFont={},Script=Math,SizeFeatures={{Size=8.5-},{Size=6-8.5,Font=latinmodern-math.otf,Style=MathScript},{Size=-6,Font=latinmodern-math.otf,Style=MathScriptScript}},BoldFont={latinmodern-math.otf},ScaleAgain=0.9999,FontAdjustment={\fontdimen
(fontspec)             8\font =0.4pt\relax \fontdimen 9\font =2.0pt\relax
(fontspec)             \fontdimen 10\font =1.67pt\relax \fontdimen 11\font
(fontspec)             =1.11pt\relax \fontdimen 12\font =6.0pt\relax
(fontspec)             \fontdimen 13\font =0pt\relax }].
(fontspec)              
(fontspec)              This font family consists of the following NFSS
(fontspec)             series/shapes:
(fontspec)              
(fontspec)             - 'normal' (m/n) with NFSS spec.:
(fontspec)             <8.5->s*[0.9998964600422715]"[latinmodern-math.otf]/OT:script=math;language=dflt;"<6-8.5>s*[0.9998964600422715]"[latinmodern-math.otf]/OT:script=math;language=dflt;+ssty=0;"<-6>s*[0.9998964600422715]"[latinmodern-math.otf]/OT:script=math;language=dflt;+ssty=1;"
(fontspec)             - 'small caps'  (m/sc) with NFSS spec.: 
(fontspec)             and font adjustment code:
(fontspec)             \fontdimen 8\font =0.4pt\relax \fontdimen 9\font
(fontspec)             =2.0pt\relax \fontdimen 10\font =1.67pt\relax
(fontspec)             \fontdimen 11\font =1.11pt\relax \fontdimen 12\font
(fontspec)             =6.0pt\relax \fontdimen 13\font =0pt\relax 
(fontspec)             - 'bold' (b/n) with NFSS spec.:
(fontspec)             <->s*[0.9998964600422715]"[latinmodern-math.otf]/OT:script=math;language=dflt;"
(fontspec)             - 'bold small caps'  (b/sc) with NFSS spec.: 
(fontspec)             and font adjustment code:
(fontspec)             \fontdimen 8\font =0.4pt\relax \fontdimen 9\font
(fontspec)             =2.0pt\relax \fontdimen 10\font =1.67pt\relax
(fontspec)             \fontdimen 11\font =1.11pt\relax \fontdimen 12\font
(fontspec)             =6.0pt\relax \fontdimen 13\font =0pt\relax 

LaTeX Font Info:    Encoding `OMX' has changed to `TU' for symbol font
(Font)              `largesymbols' in the math version `normal' on input line 142.
LaTeX Font Info:    Overwriting symbol font `largesymbols' in version `normal'
(Font)                  OMX/lmex/m/n --> TU/latinmodern-math.otf(3)/m/n on input line 142.
LaTeX Font Info:    Encoding `OMX' has changed to `TU' for symbol font
(Font)              `largesymbols' in the math version `bold' on input line 142.
LaTeX Font Info:    Overwriting symbol font `largesymbols' in version `bold'
(Font)                  OMX/lmex/m/n --> TU/latinmodern-math.otf(3)/b/n on input line 142.
Package hyperref Info: Link coloring OFF on input line 142.
(./_main.out) (./_main.out)
\@outlinefile=\write4
\openout4 = `_main.out'.

LaTeX Font Info:    Font shape `TU/latinmodern-math.otf(1)/m/n' will be
(Font)              scaled to size 12.0pt on input line 144.
LaTeX Font Info:    Font shape `TU/latinmodern-math.otf(1)/m/n' will be
(Font)              scaled to size 8.0pt on input line 144.
LaTeX Font Info:    Font shape `TU/latinmodern-math.otf(1)/m/n' will be
(Font)              scaled to size 6.0pt on input line 144.
LaTeX Font Info:    Trying to load font information for OML+lmm on input line 144.
(/Users/aluisacosta/Library/TinyTeX/texmf-dist/tex/latex/lm/omllmm.fd
File: omllmm.fd 2015/05/01 v1.6.1 Font defs for Latin Modern
)
LaTeX Font Info:    Font shape `TU/latinmodern-math.otf(2)/m/n' will be
(Font)              scaled to size 12.0011pt on input line 144.
LaTeX Font Info:    Font shape `TU/latinmodern-math.otf(2)/m/n' will be
(Font)              scaled to size 8.00073pt on input line 144.
LaTeX Font Info:    Font shape `TU/latinmodern-math.otf(2)/m/n' will be
(Font)              scaled to size 6.00055pt on input line 144.
LaTeX Font Info:    Font shape `TU/latinmodern-math.otf(3)/m/n' will be
(Font)              scaled to size 11.99872pt on input line 144.
LaTeX Font Info:    Font shape `TU/latinmodern-math.otf(3)/m/n' will be
(Font)              scaled to size 7.99915pt on input line 144.
LaTeX Font Info:    Font shape `TU/latinmodern-math.otf(3)/m/n' will be
(Font)              scaled to size 5.99936pt on input line 144.
LaTeX Font Info:    Trying to load font information for U+msa on input line 144.
(/Users/aluisacosta/Library/TinyTeX/texmf-dist/tex/latex/amsfonts/umsa.fd
File: umsa.fd 2013/01/14 v3.01 AMS symbols A
)
LaTeX Font Info:    Trying to load font information for U+msb on input line 144.
(/Users/aluisacosta/Library/TinyTeX/texmf-dist/tex/latex/amsfonts/umsb.fd
File: umsb.fd 2013/01/14 v3.01 AMS symbols B
) [1


] [2

] (./_main.toc
LaTeX Font Info:    Font shape `TU/latinmodern-math.otf(1)/m/n' will be
(Font)              scaled to size 7.0pt on input line 2.
LaTeX Font Info:    Font shape `TU/latinmodern-math.otf(1)/m/n' will be
(Font)              scaled to size 5.0pt on input line 2.
LaTeX Font Info:    Font shape `TU/latinmodern-math.otf(2)/m/n' will be
(Font)              scaled to size 10.00092pt on input line 2.
LaTeX Font Info:    Font shape `TU/latinmodern-math.otf(2)/m/n' will be
(Font)              scaled to size 7.00064pt on input line 2.
LaTeX Font Info:    Font shape `TU/latinmodern-math.otf(2)/m/n' will be
(Font)              scaled to size 5.00046pt on input line 2.
LaTeX Font Info:    Font shape `TU/latinmodern-math.otf(3)/m/n' will be
(Font)              scaled to size 9.99893pt on input line 2.
LaTeX Font Info:    Font shape `TU/latinmodern-math.otf(3)/m/n' will be
(Font)              scaled to size 6.99925pt on input line 2.
LaTeX Font Info:    Font shape `TU/latinmodern-math.otf(3)/m/n' will be
(Font)              scaled to size 4.99947pt on input line 2.
[3])
\tf@toc=\write5
\openout5 = `_main.toc'.

[4]
File: figures/RstudioLayout.png Graphic file (type bmp)
<figures/RstudioLayout.png>
[5

] [6]
Underfull \hbox (badness 10000) in paragraph at lines 225--227

 []

[7]
LaTeX Font Info:    Font shape `TU/lmtt/bx/n' in size <10> not available
(Font)              Font shape `TU/lmtt/b/n' tried instead on input line 244.

Underfull \hbox (badness 10000) in paragraph at lines 253--255

 []

[8] [9] [10]
Underfull \hbox (badness 10000) in paragraph at lines 474--478

 []

[11]
Overfull \hbox (33.0pt too wide) in paragraph at lines 509--509
[]\TU/lmtt/m/n/10 ## [1] -2.2841845 -0.5564549 -2.1280652 -0.2680064 -1.9654169 -0.9683612[] 
 []

[12]
Overfull \hbox (64.5pt too wide) in paragraph at lines 577--577
[]\TU/lmtt/m/n/10 ## [1]  1.41013894  5.22111063 -8.33081526  4.77878697  0.08728232  0.17927723[] 
 []

[13] [14] [15]
Overfull \hbox (90.75pt too wide) in paragraph at lines 763--763
[]\TU/lmtt/m/n/10 ## -- Attaching core tidyverse packages ------------------------ tidyverse 2.0.0 --[] 
 []


Overfull \hbox (90.75pt too wide) in paragraph at lines 763--763
[]\TU/lmtt/m/n/10 ## -- Conflicts ------------------------------------------ tidyverse_conflicts() --[] 
 []


Overfull \hbox (201.0pt too wide) in paragraph at lines 763--763
[]\TU/lmtt/m/n/10 ## i Use the conflicted package (<http://conflicted.r-lib.org/>) to force all conflicts to become errors[] 
 []

[16]
Overfull \hbox (90.75pt too wide) in paragraph at lines 804--804
[]\TU/lmtt/m/n/10 ##   name    genus vore  order conservation sleep_total sleep_rem sleep_cycle awake[] 
 []


Overfull \hbox (90.75pt too wide) in paragraph at lines 804--804
[]\TU/lmtt/m/n/10 ##   <chr>   <chr> <chr> <chr> <chr>              <dbl>     <dbl>       <dbl> <dbl>[] 
 []


Overfull \hbox (90.75pt too wide) in paragraph at lines 804--804
[]\TU/lmtt/m/n/10 ## 1 Cheetah Acin~ carni Carn~ lc                  12.1      NA        NA      11.9[] 
 []


Overfull \hbox (80.25pt too wide) in paragraph at lines 804--804
[]\TU/lmtt/m/n/10 ## 2 Owl mo~ Aotus omni  Prim~ <NA>                17         1.8      NA       7[] 
 []


Overfull \hbox (90.75pt too wide) in paragraph at lines 804--804
[]\TU/lmtt/m/n/10 ## 3 Mounta~ Aplo~ herbi Rode~ nt                  14.4       2.4      NA       9.6[] 
 []


Overfull \hbox (90.75pt too wide) in paragraph at lines 804--804
[]\TU/lmtt/m/n/10 ## 4 Greate~ Blar~ omni  Sori~ lc                  14.9       2.3       0.133   9.1[] 
 []


Overfull \hbox (80.25pt too wide) in paragraph at lines 804--804
[]\TU/lmtt/m/n/10 ## 5 Cow     Bos   herbi Arti~ domesticated         4         0.7       0.667  20[] 
 []


Overfull \hbox (90.75pt too wide) in paragraph at lines 804--804
[]\TU/lmtt/m/n/10 ## 6 Three-~ Brad~ herbi Pilo~ <NA>                14.4       2.2       0.767   9.6[] 
 []


Overfull \hbox (90.75pt too wide) in paragraph at lines 826--826
[]\TU/lmtt/m/n/10 ##   name  genus vore  order   conservation sleep_total sleep_rem sleep_cycle awake[] 
 []


Overfull \hbox (90.75pt too wide) in paragraph at lines 826--826
[]\TU/lmtt/m/n/10 ##   <chr> <chr> <chr> <chr>   <chr>              <dbl>     <dbl>       <dbl> <dbl>[] 
 []


Overfull \hbox (90.75pt too wide) in paragraph at lines 826--826
[]\TU/lmtt/m/n/10 ## 1 Pig   Sus   omni  Artiod~ domesticated         9.1       2.4         0.5  14.9[] 
 []

[17]
Underfull \hbox (badness 10000) in paragraph at lines 872--874

 []

[18]
File: figures/tidyexp.png Graphic file (type bmp)
<figures/tidyexp.png>

Underfull \hbox (badness 10000) in paragraph at lines 927--929
[][]
 []

[19] [20]
File: _main_files/figure-latex/unnamed-chunk-19-1.pdf Graphic file (type pdf)
<use _main_files/figure-latex/unnamed-chunk-19-1.pdf>

Underfull \vbox (badness 10000) has occurred while \output is active []

[21]
File: _main_files/figure-latex/unnamed-chunk-20-1.pdf Graphic file (type pdf)
<use _main_files/figure-latex/unnamed-chunk-20-1.pdf>

Underfull \vbox (badness 10000) has occurred while \output is active []

[22]
File: _main_files/figure-latex/unnamed-chunk-21-1.pdf Graphic file (type pdf)
<use _main_files/figure-latex/unnamed-chunk-21-1.pdf>

Underfull \vbox (badness 10000) has occurred while \output is active []

[23]
File: _main_files/figure-latex/unnamed-chunk-22-1.pdf Graphic file (type pdf)
<use _main_files/figure-latex/unnamed-chunk-22-1.pdf>

Underfull \vbox (badness 10000) has occurred while \output is active []

[24]
File: _main_files/figure-latex/unnamed-chunk-23-1.pdf Graphic file (type pdf)
<use _main_files/figure-latex/unnamed-chunk-23-1.pdf>

Underfull \vbox (badness 10000) has occurred while \output is active []

[25]
Underfull \hbox (badness 10000) in paragraph at lines 1103--1105
[]\TU/lmtt/m/n/10 Error in fortify(): ! data must be a <data.frame>, or an object
 []


Underfull \vbox (badness 10000) has occurred while \output is active []

[26] [27] [28]
Chapter 1.

Overfull \hbox (85.5pt too wide) in paragraph at lines 1237--1237
[]\TU/lmtt/m/n/10 ##       id  chol stab.glu   hdl ratio glyhb location     age gender height weight[] 
 []


Overfull \hbox (85.5pt too wide) in paragraph at lines 1237--1237
[]\TU/lmtt/m/n/10 ##    <int> <int>    <int> <int> <dbl> <dbl> <chr>      <int> <chr>   <int>  <int>[] 
 []


Overfull \hbox (85.5pt too wide) in paragraph at lines 1237--1237
[]\TU/lmtt/m/n/10 ##  1  1000   203       82    56  3.60  4.31 Buckingham    46 female     62    121[] 
 []


Overfull \hbox (85.5pt too wide) in paragraph at lines 1237--1237
[]\TU/lmtt/m/n/10 ##  2  1001   165       97    24  6.90  4.44 Buckingham    29 female     64    218[] 
 []


Overfull \hbox (85.5pt too wide) in paragraph at lines 1237--1237
[]\TU/lmtt/m/n/10 ##  3  1002   228       92    37  6.20  4.64 Buckingham    58 female     61    256[] 
 []


Overfull \hbox (85.5pt too wide) in paragraph at lines 1237--1237
[]\TU/lmtt/m/n/10 ##  4  1003    78       93    12  6.5   4.63 Buckingham    67 male       67    119[] 
 []


Overfull \hbox (85.5pt too wide) in paragraph at lines 1237--1237
[]\TU/lmtt/m/n/10 ##  5  1005   249       90    28  8.90  7.72 Buckingham    64 male       68    183[] 
 []


Overfull \hbox (85.5pt too wide) in paragraph at lines 1237--1237
[]\TU/lmtt/m/n/10 ##  6  1008   248       94    69  3.60  4.81 Buckingham    34 male       71    190[] 
 []


Overfull \hbox (85.5pt too wide) in paragraph at lines 1237--1237
[]\TU/lmtt/m/n/10 ##  7  1011   195       92    41  4.80  4.84 Buckingham    30 male       69    191[] 
 []


Overfull \hbox (85.5pt too wide) in paragraph at lines 1237--1237
[]\TU/lmtt/m/n/10 ##  8  1015   227       75    44  5.20  3.94 Buckingham    37 male       59    170[] 
 []


Overfull \hbox (85.5pt too wide) in paragraph at lines 1237--1237
[]\TU/lmtt/m/n/10 ##  9  1016   177       87    49  3.60  4.84 Buckingham    45 male       69    166[] 
 []

[29

]
Overfull \hbox (85.5pt too wide) in paragraph at lines 1237--1237
[]\TU/lmtt/m/n/10 ## 10  1022   263       89    40  6.60  5.78 Buckingham    55 female     63    202[] 
 []


Overfull \hbox (54.0pt too wide) in paragraph at lines 1237--1237
[]\TU/lmtt/m/n/10 ## # i 8 more variables: frame <chr>, bp.1s <int>, bp.1d <int>, bp.2s <int>,[] 
 []


Overfull \hbox (22.5pt too wide) in paragraph at lines 1277--1277
[]\TU/lmtt/m/n/10 ##  [1] "id"       "chol"     "stab.glu" "hdl"      "ratio"    "glyhb"[] 
 []


Overfull \hbox (22.5pt too wide) in paragraph at lines 1277--1277
[]\TU/lmtt/m/n/10 ##  [7] "location" "age"      "gender"   "height"   "weight"   "frame"[] 
 []


Overfull \hbox (12.0pt too wide) in paragraph at lines 1277--1277
[]\TU/lmtt/m/n/10 ## [13] "bp.1s"    "bp.1d"    "bp.2s"    "bp.2d"    "waist"    "hip"[] 
 []

[30] [31] [32]
Underfull \hbox (badness 10000) in paragraph at lines 1493--1495

 []

[33]
Underfull \hbox (badness 10000) in paragraph at lines 1495--1497

 []


Underfull \hbox (badness 10000) in paragraph at lines 1497--1499

 []

[34]
Overfull \hbox (22.5pt too wide) in paragraph at lines 1636--1636
[]\TU/lmtt/m/n/10 ##    location            gender             frame                chol[] 
 []


Overfull \hbox (43.5pt too wide) in paragraph at lines 1636--1636
[]\TU/lmtt/m/n/10 ##  Length:377         Length:377         Length:377         Min.   : 78.0[] 
 []


Overfull \hbox (43.5pt too wide) in paragraph at lines 1636--1636
[]\TU/lmtt/m/n/10 ##  Class :character   Class :character   Class :character   1st Qu.:179.0[] 
 []


Overfull \hbox (43.5pt too wide) in paragraph at lines 1636--1636
[]\TU/lmtt/m/n/10 ##  Mode  :character   Mode  :character   Mode  :character   Median :204.0[] 
 []


Overfull \hbox (43.5pt too wide) in paragraph at lines 1636--1636
[]\TU/lmtt/m/n/10 ##                                                           Mean   :208.2[] 
 []


Overfull \hbox (43.5pt too wide) in paragraph at lines 1636--1636
[]\TU/lmtt/m/n/10 ##                                                           3rd Qu.:230.0[] 
 []


Overfull \hbox (43.5pt too wide) in paragraph at lines 1636--1636
[]\TU/lmtt/m/n/10 ##                                                           Max.   :443.0[] 
 []

[35]
Overfull \hbox (12.0pt too wide) in paragraph at lines 1636--1636
[]\TU/lmtt/m/n/10 ##  Min.   : 48.0   Min.   : 12.00   Min.   : 1.500   Min.   : 2.680[] 
 []


Overfull \hbox (12.0pt too wide) in paragraph at lines 1636--1636
[]\TU/lmtt/m/n/10 ##  1st Qu.: 81.0   1st Qu.: 38.00   1st Qu.: 3.200   1st Qu.: 4.390[] 
 []


Overfull \hbox (12.0pt too wide) in paragraph at lines 1636--1636
[]\TU/lmtt/m/n/10 ##  Median : 90.0   Median : 46.00   Median : 4.200   Median : 4.860[] 
 []


Overfull \hbox (12.0pt too wide) in paragraph at lines 1636--1636
[]\TU/lmtt/m/n/10 ##  Mean   :107.3   Mean   : 50.36   Mean   : 4.538   Mean   : 5.594[] 
 []


Overfull \hbox (12.0pt too wide) in paragraph at lines 1636--1636
[]\TU/lmtt/m/n/10 ##  3rd Qu.:108.0   3rd Qu.: 59.00   3rd Qu.: 5.400   3rd Qu.: 5.622[] 
 []


Overfull \hbox (12.0pt too wide) in paragraph at lines 1636--1636
[]\TU/lmtt/m/n/10 ##  Max.   :385.0   Max.   :120.00   Max.   :19.300   Max.   :16.110[] 
 []

[36]
Overfull \hbox (22.5pt too wide) in paragraph at lines 1690--1690
[]\TU/lmtt/m/n/10 ##    location            gender             frame                chol[] 
 []


Overfull \hbox (43.5pt too wide) in paragraph at lines 1690--1690
[]\TU/lmtt/m/n/10 ##  Length:367         Length:367         Length:367         Min.   : 78.0[] 
 []


Overfull \hbox (43.5pt too wide) in paragraph at lines 1690--1690
[]\TU/lmtt/m/n/10 ##  Class :character   Class :character   Class :character   1st Qu.:179.0[] 
 []


Overfull \hbox (43.5pt too wide) in paragraph at lines 1690--1690
[]\TU/lmtt/m/n/10 ##  Mode  :character   Mode  :character   Mode  :character   Median :204.0[] 
 []


Overfull \hbox (43.5pt too wide) in paragraph at lines 1690--1690
[]\TU/lmtt/m/n/10 ##                                                           Mean   :207.5[] 
 []


Overfull \hbox (43.5pt too wide) in paragraph at lines 1690--1690
[]\TU/lmtt/m/n/10 ##                                                           3rd Qu.:229.0[] 
 []


Overfull \hbox (43.5pt too wide) in paragraph at lines 1690--1690
[]\TU/lmtt/m/n/10 ##                                                           Max.   :443.0[] 
 []


Overfull \hbox (12.0pt too wide) in paragraph at lines 1690--1690
[]\TU/lmtt/m/n/10 ##  Min.   : 48.0   Min.   : 12.00   Min.   : 1.500   Min.   : 2.680[] 
 []


Overfull \hbox (12.0pt too wide) in paragraph at lines 1690--1690
[]\TU/lmtt/m/n/10 ##  1st Qu.: 81.0   1st Qu.: 38.00   1st Qu.: 3.200   1st Qu.: 4.390[] 
 []


Overfull \hbox (12.0pt too wide) in paragraph at lines 1690--1690
[]\TU/lmtt/m/n/10 ##  Median : 90.0   Median : 46.00   Median : 4.200   Median : 4.860[] 
 []


Overfull \hbox (12.0pt too wide) in paragraph at lines 1690--1690
[]\TU/lmtt/m/n/10 ##  Mean   :107.3   Mean   : 50.28   Mean   : 4.536   Mean   : 5.602[] 
 []


Overfull \hbox (12.0pt too wide) in paragraph at lines 1690--1690
[]\TU/lmtt/m/n/10 ##  3rd Qu.:108.0   3rd Qu.: 59.00   3rd Qu.: 5.400   3rd Qu.: 5.630[] 
 []


Overfull \hbox (12.0pt too wide) in paragraph at lines 1690--1690
[]\TU/lmtt/m/n/10 ##  Max.   :385.0   Max.   :120.00   Max.   :19.300   Max.   :16.110[] 
 []

[37]
File: _main_files/figure-latex/unnamed-chunk-47-1.pdf Graphic file (type pdf)
<use _main_files/figure-latex/unnamed-chunk-47-1.pdf>
[38]
File: _main_files/figure-latex/unnamed-chunk-48-1.pdf Graphic file (type pdf)
<use _main_files/figure-latex/unnamed-chunk-48-1.pdf>
File: _main_files/figure-latex/unnamed-chunk-49-1.pdf Graphic file (type pdf)
<use _main_files/figure-latex/unnamed-chunk-49-1.pdf>
[39]

LaTeX Font Warning: Font shape `TU/lmtt/bx/it' in size <10> not available
(Font)              Font shape `TU/lmtt/b/sl' tried instead on input line 1772.

File: _main_files/figure-latex/unnamed-chunk-50-1.pdf Graphic file (type pdf)
<use _main_files/figure-latex/unnamed-chunk-50-1.pdf>
File: _main_files/figure-latex/unnamed-chunk-51-1.pdf Graphic file (type pdf)
<use _main_files/figure-latex/unnamed-chunk-51-1.pdf>
[40]
File: _main_files/figure-latex/unnamed-chunk-52-1.pdf Graphic file (type pdf)
<use _main_files/figure-latex/unnamed-chunk-52-1.pdf>
[41]
File: _main_files/figure-latex/unnamed-chunk-53-1.pdf Graphic file (type pdf)
<use _main_files/figure-latex/unnamed-chunk-53-1.pdf>
[42]
File: _main_files/figure-latex/unnamed-chunk-55-1.pdf Graphic file (type pdf)
<use _main_files/figure-latex/unnamed-chunk-55-1.pdf>

Underfull \vbox (badness 1014) has occurred while \output is active []

[43]
File: _main_files/figure-latex/unnamed-chunk-57-1.pdf Graphic file (type pdf)
<use _main_files/figure-latex/unnamed-chunk-57-1.pdf>
[44] [45] [46]
Overfull \hbox (41.10954pt too wide) has occurred while \output is active
\TU/lmr/m/sl/10 1.2.  DAY 2: DIMENSIONALITY REDUCTION AND UNSUPERVISED LEARNING \TU/lmr/m/n/10 47
 []

[47]
Underfull \hbox (badness 1137) in paragraph at lines 2059--2061
[]\TU/lmr/bx/n/10 Homogenization: \TU/lmr/m/n/10 base-2 logarithmic transformation of the entire
 []

[48]
File: _main_files/figure-latex/unnamed-chunk-67-1.pdf Graphic file (type pdf)
<use _main_files/figure-latex/unnamed-chunk-67-1.pdf>

Overfull \hbox (41.10954pt too wide) has occurred while \output is active
\TU/lmr/m/sl/10 1.2.  DAY 2: DIMENSIONALITY REDUCTION AND UNSUPERVISED LEARNING \TU/lmr/m/n/10 49
 []

[49]
File: _main_files/figure-latex/unnamed-chunk-68-1.pdf Graphic file (type pdf)
<use _main_files/figure-latex/unnamed-chunk-68-1.pdf>
[50]
Overfull \hbox (41.10954pt too wide) has occurred while \output is active
\TU/lmr/m/sl/10 1.2.  DAY 2: DIMENSIONALITY REDUCTION AND UNSUPERVISED LEARNING \TU/lmr/m/n/10 51
 []

[51]
File: _main_files/figure-latex/unnamed-chunk-72-1.pdf Graphic file (type pdf)
<use _main_files/figure-latex/unnamed-chunk-72-1.pdf>

Underfull \vbox (badness 10000) has occurred while \output is active []

[52]
Overfull \hbox (41.10954pt too wide) has occurred while \output is active
\TU/lmr/m/sl/10 1.2.  DAY 2: DIMENSIONALITY REDUCTION AND UNSUPERVISED LEARNING \TU/lmr/m/n/10 53
 []

[53]
File: _main_files/figure-latex/unnamed-chunk-74-1.pdf Graphic file (type pdf)
<use _main_files/figure-latex/unnamed-chunk-74-1.pdf>
[54]
Overfull \hbox (43.5pt too wide) in paragraph at lines 2362--2362
[]\TU/lmtt/m/n/10 ##  [1] "TFF1"      "C4orf7"    "AGR3"      "GABRP"     "C1orf64"   "TFF3"[] 
 []


Overfull \hbox (48.75pt too wide) in paragraph at lines 2362--2362
[]\TU/lmtt/m/n/10 ##  [7] "ABCC11"    "PGR"       "FABP7"     "SERPINA11" "VGLL1"     "A2ML1"[] 
 []


Overfull \hbox (48.75pt too wide) in paragraph at lines 2362--2362
[]\TU/lmtt/m/n/10 ## [13] "ELF5"      "PROM1"     "CYP4Z2P"   "SLC6A14"   "CAPN8"     "ABCC8"[] 
 []


Overfull \hbox (59.25pt too wide) in paragraph at lines 2362--2362
[]\TU/lmtt/m/n/10 ## [19] "SYTL5"     "SFRP1"     "ART3"      "GABBR2"    "PPP1R14C"  "HORMAD1"[] 
 []


Overfull \hbox (41.10954pt too wide) has occurred while \output is active
\TU/lmr/m/sl/10 1.2.  DAY 2: DIMENSIONALITY REDUCTION AND UNSUPERVISED LEARNING \TU/lmr/m/n/10 55
 []

[55]
File: _main_files/figure-latex/unnamed-chunk-79-1.pdf Graphic file (type pdf)
<use _main_files/figure-latex/unnamed-chunk-79-1.pdf>
[56]
File: _main_files/figure-latex/unnamed-chunk-80-1.pdf Graphic file (type pdf)
<use _main_files/figure-latex/unnamed-chunk-80-1.pdf>

Overfull \hbox (41.10954pt too wide) has occurred while \output is active
\TU/lmr/m/sl/10 1.2.  DAY 2: DIMENSIONALITY REDUCTION AND UNSUPERVISED LEARNING \TU/lmr/m/n/10 57
 []

[57]
Overfull \hbox (64.5pt too wide) in paragraph at lines 2457--2457
[]\TU/lmtt/m/n/10 ##                          PC1    PC2     PC3     PC4     PC5     PC6     PC7[] 
 []


Overfull \hbox (64.5pt too wide) in paragraph at lines 2457--2457
[]\TU/lmtt/m/n/10 ## Standard deviation     3.719 2.1886 0.89796 0.86195 0.69326 0.62793 0.61645[] 
 []


Overfull \hbox (64.5pt too wide) in paragraph at lines 2457--2457
[]\TU/lmtt/m/n/10 ## Proportion of Variance 0.559 0.1936 0.03259 0.03003 0.01942 0.01593 0.01536[] 
 []


Overfull \hbox (64.5pt too wide) in paragraph at lines 2457--2457
[]\TU/lmtt/m/n/10 ## Cumulative Proportion  0.559 0.7526 0.78514 0.81516 0.83458 0.85052 0.86588[] 
 []


Overfull \hbox (75.0pt too wide) in paragraph at lines 2457--2457
[]\TU/lmtt/m/n/10 ##                            PC8     PC9    PC10    PC11    PC12   PC13    PC14[] 
 []


Overfull \hbox (75.0pt too wide) in paragraph at lines 2457--2457
[]\TU/lmtt/m/n/10 ## Standard deviation     0.59717 0.55556 0.53665 0.52007 0.50060 0.4900 0.45974[] 
 []


Overfull \hbox (75.0pt too wide) in paragraph at lines 2457--2457
[]\TU/lmtt/m/n/10 ## Proportion of Variance 0.01441 0.01247 0.01164 0.01093 0.01013 0.0097 0.00854[] 
 []


Overfull \hbox (75.0pt too wide) in paragraph at lines 2457--2457
[]\TU/lmtt/m/n/10 ## Cumulative Proportion  0.88029 0.89276 0.90440 0.91533 0.92546 0.9352 0.94370[] 
 []


Overfull \hbox (75.0pt too wide) in paragraph at lines 2457--2457
[]\TU/lmtt/m/n/10 ##                           PC15    PC16   PC17    PC18    PC19    PC20    PC21[] 
 []


Overfull \hbox (75.0pt too wide) in paragraph at lines 2457--2457
[]\TU/lmtt/m/n/10 ## Standard deviation     0.44696 0.43284 0.4009 0.39542 0.38101 0.35781 0.34271[] 
 []


Overfull \hbox (75.0pt too wide) in paragraph at lines 2457--2457
[]\TU/lmtt/m/n/10 ## Proportion of Variance 0.00807 0.00757 0.0065 0.00632 0.00587 0.00517 0.00475[] 
 []


Overfull \hbox (75.0pt too wide) in paragraph at lines 2457--2457
[]\TU/lmtt/m/n/10 ## Cumulative Proportion  0.95178 0.95935 0.9658 0.97216 0.97803 0.98320 0.98795[] 
 []

[58]
Overfull \hbox (59.25pt too wide) in paragraph at lines 2480--2480
[]\TU/lmtt/m/n/10 ##  [1] 3.7190077 2.1886234 0.8979609 0.8619466 0.6932587 0.6279258 0.6164472[] 
 []


Overfull \hbox (59.25pt too wide) in paragraph at lines 2480--2480
[]\TU/lmtt/m/n/10 ##  [8] 0.5971745 0.5555603 0.5366514 0.5200662 0.5006037 0.4899632 0.4597383[] 
 []


Overfull \hbox (59.25pt too wide) in paragraph at lines 2480--2480
[]\TU/lmtt/m/n/10 ## [15] 0.4469622 0.4328397 0.4008966 0.3954205 0.3810141 0.3578084 0.3427089[] 
 []

File: _main_files/figure-latex/unnamed-chunk-83-1.pdf Graphic file (type pdf)
<use _main_files/figure-latex/unnamed-chunk-83-1.pdf>

Overfull \hbox (41.10954pt too wide) has occurred while \output is active
\TU/lmr/m/sl/10 1.2.  DAY 2: DIMENSIONALITY REDUCTION AND UNSUPERVISED LEARNING \TU/lmr/m/n/10 59
 []

[59]
File: _main_files/figure-latex/unnamed-chunk-85-1.pdf Graphic file (type pdf)
<use _main_files/figure-latex/unnamed-chunk-85-1.pdf>

Underfull \vbox (badness 1019) has occurred while \output is active []

[60]
Overfull \hbox (5.9989pt too wide) in paragraph at lines 2575--2576
[]\TU/lmr/m/n/10 (optional) Color the patients in the PCA plot according to \TU/lmtt/m/n/10 Classification\TU/lmr/m/n/10 ;
 []


Overfull \hbox (41.10954pt too wide) has occurred while \output is active
\TU/lmr/m/sl/10 1.2.  DAY 2: DIMENSIONALITY REDUCTION AND UNSUPERVISED LEARNING \TU/lmr/m/n/10 61
 []

[61]
File: figures/distrib.png Graphic file (type bmp)
<figures/distrib.png>
[62] [63] [64] [65]
File: _main_files/figure-latex/unnamed-chunk-92-1.pdf Graphic file (type pdf)
<use _main_files/figure-latex/unnamed-chunk-92-1.pdf>
[66]
File: _main_files/figure-latex/unnamed-chunk-93-1.pdf Graphic file (type pdf)
<use _main_files/figure-latex/unnamed-chunk-93-1.pdf>

Underfull \vbox (badness 10000) has occurred while \output is active []

[67] [68]
File: _main_files/figure-latex/unnamed-chunk-94-1.pdf Graphic file (type pdf)
<use _main_files/figure-latex/unnamed-chunk-94-1.pdf>

Underfull \vbox (badness 10000) has occurred while \output is active []

[69] [70]
File: _main_files/figure-latex/unnamed-chunk-97-1.pdf Graphic file (type pdf)
<use _main_files/figure-latex/unnamed-chunk-97-1.pdf>

Underfull \vbox (badness 10000) has occurred while \output is active []

[71]
File: _main_files/figure-latex/unnamed-chunk-98-1.pdf Graphic file (type pdf)
<use _main_files/figure-latex/unnamed-chunk-98-1.pdf>

Underfull \vbox (badness 10000) has occurred while \output is active []

[72] [73] [74]
File: _main_files/figure-latex/unnamed-chunk-106-1.pdf Graphic file (type pdf)
<use _main_files/figure-latex/unnamed-chunk-106-1.pdf>

Underfull \vbox (badness 1817) has occurred while \output is active []

[75]
File: _main_files/figure-latex/unnamed-chunk-107-1.pdf Graphic file (type pdf)
<use _main_files/figure-latex/unnamed-chunk-107-1.pdf>
[76] [77] [78] [79] [80]
File: _main_files/figure-latex/unnamed-chunk-114-1.pdf Graphic file (type pdf)
<use _main_files/figure-latex/unnamed-chunk-114-1.pdf>
[81]
Underfull \hbox (badness 10000) in paragraph at lines 3404--3406

 []

[82]
Overfull \hbox (1.5pt too wide) in paragraph at lines 3486--3486
[]\TU/lmtt/m/n/10 ##  Min.   : 1000   Min.   : 78.0   Min.   : 48.0   Min.   : 12.00[] 
 []


Overfull \hbox (1.5pt too wide) in paragraph at lines 3486--3486
[]\TU/lmtt/m/n/10 ##  1st Qu.: 4792   1st Qu.:179.0   1st Qu.: 81.0   1st Qu.: 38.00[] 
 []


Overfull \hbox (1.5pt too wide) in paragraph at lines 3486--3486
[]\TU/lmtt/m/n/10 ##  Median :15766   Median :204.0   Median : 89.0   Median : 46.00[] 
 []


Overfull \hbox (1.5pt too wide) in paragraph at lines 3486--3486
[]\TU/lmtt/m/n/10 ##  Mean   :15978   Mean   :207.8   Mean   :106.7   Mean   : 50.45[] 
 []


Overfull \hbox (1.5pt too wide) in paragraph at lines 3486--3486
[]\TU/lmtt/m/n/10 ##  3rd Qu.:20336   3rd Qu.:230.0   3rd Qu.:106.0   3rd Qu.: 59.00[] 
 []


Overfull \hbox (1.5pt too wide) in paragraph at lines 3486--3486
[]\TU/lmtt/m/n/10 ##  Max.   :41756   Max.   :443.0   Max.   :385.0   Max.   :120.00[] 
 []


Overfull \hbox (17.25pt too wide) in paragraph at lines 3486--3486
[]\TU/lmtt/m/n/10 ##  Min.   : 1.500   Min.   : 2.68   Length:403         Min.   :19.00[] 
 []


Overfull \hbox (17.25pt too wide) in paragraph at lines 3486--3486
[]\TU/lmtt/m/n/10 ##  1st Qu.: 3.200   1st Qu.: 4.38   Class :character   1st Qu.:34.00[] 
 []


Overfull \hbox (17.25pt too wide) in paragraph at lines 3486--3486
[]\TU/lmtt/m/n/10 ##  Median : 4.200   Median : 4.84   Mode  :character   Median :45.00[] 
 []


Overfull \hbox (17.25pt too wide) in paragraph at lines 3486--3486
[]\TU/lmtt/m/n/10 ##  Mean   : 4.522   Mean   : 5.59                      Mean   :46.85[] 
 []


Overfull \hbox (17.25pt too wide) in paragraph at lines 3486--3486
[]\TU/lmtt/m/n/10 ##  3rd Qu.: 5.400   3rd Qu.: 5.60                      3rd Qu.:60.00[] 
 []


Overfull \hbox (17.25pt too wide) in paragraph at lines 3486--3486
[]\TU/lmtt/m/n/10 ##  Max.   :19.300   Max.   :16.11                      Max.   :92.00[] 
 []


Overfull \hbox (27.75pt too wide) in paragraph at lines 3486--3486
[]\TU/lmtt/m/n/10 ##  Class :character   1st Qu.:63.00   1st Qu.:151.0   Class :character[] 
 []


Overfull \hbox (27.75pt too wide) in paragraph at lines 3486--3486
[]\TU/lmtt/m/n/10 ##  Mode  :character   Median :66.00   Median :172.5   Mode  :character[] 
 []


Overfull \hbox (6.75pt too wide) in paragraph at lines 3486--3486
[]\TU/lmtt/m/n/10 ##  Min.   : 90.0   Min.   : 48.00   Min.   :110.0   Min.   : 60.00[] 
 []


Overfull \hbox (6.75pt too wide) in paragraph at lines 3486--3486
[]\TU/lmtt/m/n/10 ##  1st Qu.:121.2   1st Qu.: 75.00   1st Qu.:138.0   1st Qu.: 84.00[] 
 []


Overfull \hbox (6.75pt too wide) in paragraph at lines 3486--3486
[]\TU/lmtt/m/n/10 ##  Median :136.0   Median : 82.00   Median :149.0   Median : 92.00[] 
 []


Overfull \hbox (6.75pt too wide) in paragraph at lines 3486--3486
[]\TU/lmtt/m/n/10 ##  Mean   :136.9   Mean   : 83.32   Mean   :152.4   Mean   : 92.52[] 
 []


Overfull \hbox (6.75pt too wide) in paragraph at lines 3486--3486
[]\TU/lmtt/m/n/10 ##  3rd Qu.:146.8   3rd Qu.: 90.00   3rd Qu.:161.0   3rd Qu.:100.00[] 
 []


Overfull \hbox (6.75pt too wide) in paragraph at lines 3486--3486
[]\TU/lmtt/m/n/10 ##  Max.   :250.0   Max.   :124.00   Max.   :238.0   Max.   :124.00[] 
 []

[83]
File: _main_files/figure-latex/unnamed-chunk-118-1.pdf Graphic file (type pdf)
<use _main_files/figure-latex/unnamed-chunk-118-1.pdf>
[84]
File: _main_files/figure-latex/unnamed-chunk-120-1.pdf Graphic file (type pdf)
<use _main_files/figure-latex/unnamed-chunk-120-1.pdf>
[85]
Underfull \hbox (badness 10000) in paragraph at lines 3590--3592

 []


Underfull \hbox (badness 10000) in paragraph at lines 3600--3602

 []

[86]
Underfull \hbox (badness 10000) in paragraph at lines 3653--3655

 []

[87]
Underfull \hbox (badness 10000) in paragraph at lines 3688--3689

 []

File: _main_files/figure-latex/unnamed-chunk-124-1.pdf Graphic file (type pdf)
<use _main_files/figure-latex/unnamed-chunk-124-1.pdf>

Underfull \vbox (badness 2662) has occurred while \output is active []

[88]
Underfull \hbox (badness 10000) in paragraph at lines 3710--3712

 []


Overfull \hbox (17.25pt too wide) in paragraph at lines 3734--3734
[]\TU/lmtt/m/n/10 ## alternative hypothesis: true difference in means is not equal to 0[] 
 []

[89]
Underfull \hbox (badness 10000) in paragraph at lines 3750--3752

 []


Overfull \hbox (17.25pt too wide) in paragraph at lines 3774--3774
[]\TU/lmtt/m/n/10 ## alternative hypothesis: true difference in means is greater than 0[] 
 []

[90]
File: _main_files/figure-latex/unnamed-chunk-128-1.pdf Graphic file (type pdf)
<use _main_files/figure-latex/unnamed-chunk-128-1.pdf>
File: _main_files/figure-latex/unnamed-chunk-129-1.pdf Graphic file (type pdf)
<use _main_files/figure-latex/unnamed-chunk-129-1.pdf>

Underfull \vbox (badness 10000) has occurred while \output is active []

[91] [92]
File: _main_files/figure-latex/unnamed-chunk-131-1.pdf Graphic file (type pdf)
<use _main_files/figure-latex/unnamed-chunk-131-1.pdf>
File: _main_files/figure-latex/unnamed-chunk-131-2.pdf Graphic file (type pdf)
<use _main_files/figure-latex/unnamed-chunk-131-2.pdf>

Underfull \vbox (badness 10000) has occurred while \output is active []

[93] [94]
Overfull \hbox (17.25pt too wide) in paragraph at lines 3929--3929
[]\TU/lmtt/m/n/10 ## alternative hypothesis: true difference in means is not equal to 0[] 
 []

[95]
Overfull \hbox (12.81001pt too wide) in paragraph at lines 3965--3966
[]\TU/lmr/m/n/10 Check which variables in this dataset are categorical/ordinal/numerical. 
 []


Underfull \hbox (badness 10000) in paragraph at lines 3995--3997

 []


Underfull \hbox (badness 10000) in paragraph at lines 3997--3999

 []

[96] [97] [98]
File: _main_files/figure-latex/unnamed-chunk-143-1.pdf Graphic file (type pdf)
<use _main_files/figure-latex/unnamed-chunk-143-1.pdf>
[99] [100] [101]
Overfull \hbox (33.0pt too wide) in paragraph at lines 4315--4315
[]\TU/lmtt/m/n/10 ##  [1] 1.250000e-01 4.000000e-04 6.153846e-02 2.400000e-19 6.666667e-03[] 
 []


Overfull \hbox (33.0pt too wide) in paragraph at lines 4315--4315
[]\TU/lmtt/m/n/10 ##  [6] 2.222222e-02 5.555556e-01 1.000000e+00 4.000000e-02 9.500000e-05[] 
 []


Overfull \hbox (33.0pt too wide) in paragraph at lines 4315--4315
[]\TU/lmtt/m/n/10 ## [11] 7.333333e-06 5.333333e-02 7.368421e-01 8.000000e-02 2.222222e-02[] 
 []


Overfull \hbox (33.0pt too wide) in paragraph at lines 4315--4315
[]\TU/lmtt/m/n/10 ## [16] 3.529412e-01 7.142857e-02 1.000000e-12 5.333333e-02 1.142857e-02[] 
 []

File: _main_files/figure-latex/unnamed-chunk-147-1.pdf Graphic file (type pdf)
<use _main_files/figure-latex/unnamed-chunk-147-1.pdf>
File: _main_files/figure-latex/unnamed-chunk-147-2.pdf Graphic file (type pdf)
<use _main_files/figure-latex/unnamed-chunk-147-2.pdf>

Overfull \hbox (2.20981pt too wide) in paragraph at lines 4319--4321
[][] [] 
 []

[102]
Overfull \hbox (80.25pt too wide) in paragraph at lines 4379--4379
[]\TU/lmtt/m/n/10 ##     id chol stab.glu hdl ratio glyhb age height weight bp.1s bp.1d bp.2s bp.2d[] 
 []


Overfull \hbox (80.25pt too wide) in paragraph at lines 4379--4379
[]\TU/lmtt/m/n/10 ## 1 1000  203       82  56   3.6  4.31  46     62    121   118    59    NA    NA[] 
 []


Overfull \hbox (80.25pt too wide) in paragraph at lines 4379--4379
[]\TU/lmtt/m/n/10 ## 2 1001  165       97  24   6.9  4.44  29     64    218   112    68    NA    NA[] 
 []


Overfull \hbox (80.25pt too wide) in paragraph at lines 4379--4379
[]\TU/lmtt/m/n/10 ## 3 1002  228       92  37   6.2  4.64  58     61    256   190    92   185    92[] 
 []


Overfull \hbox (80.25pt too wide) in paragraph at lines 4379--4379
[]\TU/lmtt/m/n/10 ## 4 1003   78       93  12   6.5  4.63  67     67    119   110    50    NA    NA[] 
 []


Overfull \hbox (80.25pt too wide) in paragraph at lines 4379--4379
[]\TU/lmtt/m/n/10 ## 5 1005  249       90  28   8.9  7.72  64     68    183   138    80    NA    NA[] 
 []


Overfull \hbox (80.25pt too wide) in paragraph at lines 4379--4379
[]\TU/lmtt/m/n/10 ## 6 1008  248       94  69   3.6  4.81  34     71    190   132    86    NA    NA[] 
 []

[103]
File: _main_files/figure-latex/unnamed-chunk-151-1.pdf Graphic file (type pdf)
<use _main_files/figure-latex/unnamed-chunk-151-1.pdf>
[104] [105]
File: _main_files/figure-latex/unnamed-chunk-154-1.pdf Graphic file (type pdf)
<use _main_files/figure-latex/unnamed-chunk-154-1.pdf>
[106]
File: _main_files/figure-latex/unnamed-chunk-154-2.pdf Graphic file (type pdf)
<use _main_files/figure-latex/unnamed-chunk-154-2.pdf>
File: _main_files/figure-latex/unnamed-chunk-154-3.pdf Graphic file (type pdf)
<use _main_files/figure-latex/unnamed-chunk-154-3.pdf>

Underfull \vbox (badness 10000) has occurred while \output is active []

[107]
File: _main_files/figure-latex/unnamed-chunk-155-1.pdf Graphic file (type pdf)
<use _main_files/figure-latex/unnamed-chunk-155-1.pdf>

Underfull \vbox (badness 10000) has occurred while \output is active []

[108] [109]
Overfull \hbox (27.75pt too wide) in paragraph at lines 4655--4655
[]\TU/lmtt/m/n/10 ## lm(formula = chol ~ stab.glu + hdl + glyhb + age + height + weight +[] 
 []

[110]
File: _main_files/figure-latex/unnamed-chunk-158-1.pdf Graphic file (type pdf)
<use _main_files/figure-latex/unnamed-chunk-158-1.pdf>

Underfull \vbox (badness 6461) has occurred while \output is active []

[111] [112]
Overfull \hbox (27.75pt too wide) in paragraph at lines 4749--4749
[]\TU/lmtt/m/n/10 ## lm(formula = chol ~ stab.glu + hdl + glyhb + age + height + weight +[] 
 []

[113] [114]
File: _main_files/figure-latex/unnamed-chunk-165-1.pdf Graphic file (type pdf)
<use _main_files/figure-latex/unnamed-chunk-165-1.pdf>
[115] [116

]
Chapter 2.
[117] [118

]
Chapter 3.

Overfull \hbox (17.937pt too wide) in paragraph at lines 4871--4872
[]\TU/lmr/m/n/10 To label an un-numbered heading, use: \TU/lmtt/m/n/10 # Hello world {-#nice-label}
 []


LaTeX Warning: Reference `cross' on page 119 undefined on input line 4874.


Underfull \hbox (badness 2512) in paragraph at lines 4874--4875
[]\TU/lmr/m/n/10 Next, reference the labeled heading anywhere in the text using
 []

[119]
Underfull \hbox (badness 1859) in paragraph at lines 4926--4927
[]\TU/lmr/m/n/10 Add an unnumbered part: \TU/lmtt/m/n/10 # (PART\*) Act one {-} \TU/lmr/m/n/10 (followed by \TU/lmtt/m/n/10 # A
 []

[120] (./_main.bbl [121] [122

]) [123] (./_main.aux)
 ***********
LaTeX2e <2023-11-01> patch level 1
L3 programming layer <2024-02-20>
 ***********

LaTeX Warning: There were undefined references.

Package rerunfilecheck Info: File `_main.out' has not changed.
(rerunfilecheck)             Checksum: A5628D9F5ED8098C74B3CA022A6D3D2F;4577.
 ) 
Here is how much of TeX's memory you used:
 18046 strings out of 476799
 344227 string characters out of 5802472
 1941839 words of memory out of 5000000
 39751 multiletter control sequences out of 15000+600000
 564584 words of font info for 97 fonts, out of 8000000 for 9000
 14 hyphenation exceptions out of 8191
 90i,8n,121p,968b,485s stack positions out of 10000i,1000n,20000p,200000b,200000s

Output written on _main.pdf (123 pages).
